2021-01-25 22:58:07 WARN  FactorySessionManager:43 - SQLException: Could not connect to address=(host=localhost)(port=3306)(type=master) : Socket fail to connect to host:localhost, port:3306. Conexión rehusada (Connection refused)
2021-01-25 22:58:07 WARN  FactorySessionManager:44 - SQLState: 08000
2021-01-25 22:58:07 WARN  FactorySessionManager:45 - VendorError: -1
2021-01-25 22:58:07 ERROR UserDAOImpl:304 - Error al encontrar el número máximo de entidades
java.lang.NullPointerException
	at edu.upc.dsa.SessionManagerImpl.findMax(SessionManagerImpl.java:313)
	at edu.upc.dsa.dao.UserDAOImpl.findMax(UserDAOImpl.java:301)
	at edu.upc.dsa.services.UserService.<init>(UserService.java:38)
	at java.base/jdk.internal.reflect.NativeConstructorAccessorImpl.newInstance0(Native Method)
	at java.base/jdk.internal.reflect.NativeConstructorAccessorImpl.newInstance(NativeConstructorAccessorImpl.java:62)
	at java.base/jdk.internal.reflect.DelegatingConstructorAccessorImpl.newInstance(DelegatingConstructorAccessorImpl.java:45)
	at java.base/java.lang.reflect.Constructor.newInstance(Constructor.java:490)
	at org.glassfish.hk2.utilities.reflection.ReflectionHelper.makeMe(ReflectionHelper.java:1350)
	at org.jvnet.hk2.internal.ClazzCreator.createMe(ClazzCreator.java:271)
	at org.jvnet.hk2.internal.ClazzCreator.create(ClazzCreator.java:365)
	at org.jvnet.hk2.internal.SystemDescriptor.create(SystemDescriptor.java:471)
	at org.glassfish.jersey.process.internal.RequestScope.findOrCreate(RequestScope.java:162)
	at org.jvnet.hk2.internal.Utilities.createService(Utilities.java:2020)
	at org.jvnet.hk2.internal.ServiceLocatorImpl.internalGetService(ServiceLocatorImpl.java:766)
	at org.jvnet.hk2.internal.ServiceLocatorImpl.getService(ServiceLocatorImpl.java:705)
	at org.glassfish.jersey.internal.inject.Injections.getOrCreate(Injections.java:172)
	at org.glassfish.jersey.server.model.MethodHandler$ClassBasedMethodHandler.getInstance(MethodHandler.java:284)
	at org.glassfish.jersey.server.internal.routing.PushMethodHandlerRouter.apply(PushMethodHandlerRouter.java:74)
	at org.glassfish.jersey.server.internal.routing.RoutingStage._apply(RoutingStage.java:109)
	at org.glassfish.jersey.server.internal.routing.RoutingStage._apply(RoutingStage.java:112)
	at org.glassfish.jersey.server.internal.routing.RoutingStage._apply(RoutingStage.java:112)
	at org.glassfish.jersey.server.internal.routing.RoutingStage._apply(RoutingStage.java:112)
	at org.glassfish.jersey.server.internal.routing.RoutingStage._apply(RoutingStage.java:112)
	at org.glassfish.jersey.server.internal.routing.RoutingStage.apply(RoutingStage.java:92)
	at org.glassfish.jersey.server.internal.routing.RoutingStage.apply(RoutingStage.java:61)
	at org.glassfish.jersey.process.internal.Stages.process(Stages.java:197)
	at org.glassfish.jersey.server.ServerRuntime$2.run(ServerRuntime.java:318)
	at org.glassfish.jersey.internal.Errors$1.call(Errors.java:271)
	at org.glassfish.jersey.internal.Errors$1.call(Errors.java:267)
	at org.glassfish.jersey.internal.Errors.process(Errors.java:315)
	at org.glassfish.jersey.internal.Errors.process(Errors.java:297)
	at org.glassfish.jersey.internal.Errors.process(Errors.java:267)
	at org.glassfish.jersey.process.internal.RequestScope.runInScope(RequestScope.java:317)
	at org.glassfish.jersey.server.ServerRuntime.process(ServerRuntime.java:305)
	at org.glassfish.jersey.server.ApplicationHandler.handle(ApplicationHandler.java:1154)
	at org.glassfish.jersey.grizzly2.httpserver.GrizzlyHttpContainer.service(GrizzlyHttpContainer.java:384)
	at org.glassfish.grizzly.http.server.HttpHandler$1.run(HttpHandler.java:224)
	at org.glassfish.grizzly.threadpool.AbstractThreadPool$Worker.doWork(AbstractThreadPool.java:591)
	at org.glassfish.grizzly.threadpool.AbstractThreadPool$Worker.run(AbstractThreadPool.java:571)
	at java.base/java.lang.Thread.run(Thread.java:834)
2021-01-26 19:47:10 WARN  FactorySessionManager:43 - SQLException: Could not connect to address=(host=localhost)(port=3306)(type=master) : (conn=63) Access denied for user 'hectorfdezg'@'localhost' (using password: YES)
Current charset is UTF-8. If password has been set using other charset, consider using option 'passwordCharacterEncoding'
2021-01-26 19:47:10 WARN  FactorySessionManager:44 - SQLState: 28000
2021-01-26 19:47:10 WARN  FactorySessionManager:45 - VendorError: 1045
2021-01-26 19:47:10 ERROR UserDAOImpl:304 - Error al encontrar el número máximo de entidades
java.lang.NullPointerException
	at edu.upc.dsa.SessionManagerImpl.findMax(SessionManagerImpl.java:313)
	at edu.upc.dsa.dao.UserDAOImpl.findMax(UserDAOImpl.java:301)
	at edu.upc.dsa.services.UserService.<init>(UserService.java:38)
	at java.base/jdk.internal.reflect.NativeConstructorAccessorImpl.newInstance0(Native Method)
	at java.base/jdk.internal.reflect.NativeConstructorAccessorImpl.newInstance(NativeConstructorAccessorImpl.java:62)
	at java.base/jdk.internal.reflect.DelegatingConstructorAccessorImpl.newInstance(DelegatingConstructorAccessorImpl.java:45)
	at java.base/java.lang.reflect.Constructor.newInstance(Constructor.java:490)
	at org.glassfish.hk2.utilities.reflection.ReflectionHelper.makeMe(ReflectionHelper.java:1350)
	at org.jvnet.hk2.internal.ClazzCreator.createMe(ClazzCreator.java:271)
	at org.jvnet.hk2.internal.ClazzCreator.create(ClazzCreator.java:365)
	at org.jvnet.hk2.internal.SystemDescriptor.create(SystemDescriptor.java:471)
	at org.glassfish.jersey.process.internal.RequestScope.findOrCreate(RequestScope.java:162)
	at org.jvnet.hk2.internal.Utilities.createService(Utilities.java:2020)
	at org.jvnet.hk2.internal.ServiceLocatorImpl.internalGetService(ServiceLocatorImpl.java:766)
	at org.jvnet.hk2.internal.ServiceLocatorImpl.getService(ServiceLocatorImpl.java:705)
	at org.glassfish.jersey.internal.inject.Injections.getOrCreate(Injections.java:172)
	at org.glassfish.jersey.server.model.MethodHandler$ClassBasedMethodHandler.getInstance(MethodHandler.java:284)
	at org.glassfish.jersey.server.internal.routing.PushMethodHandlerRouter.apply(PushMethodHandlerRouter.java:74)
	at org.glassfish.jersey.server.internal.routing.RoutingStage._apply(RoutingStage.java:109)
	at org.glassfish.jersey.server.internal.routing.RoutingStage._apply(RoutingStage.java:112)
	at org.glassfish.jersey.server.internal.routing.RoutingStage._apply(RoutingStage.java:112)
	at org.glassfish.jersey.server.internal.routing.RoutingStage._apply(RoutingStage.java:112)
	at org.glassfish.jersey.server.internal.routing.RoutingStage._apply(RoutingStage.java:112)
	at org.glassfish.jersey.server.internal.routing.RoutingStage.apply(RoutingStage.java:92)
	at org.glassfish.jersey.server.internal.routing.RoutingStage.apply(RoutingStage.java:61)
	at org.glassfish.jersey.process.internal.Stages.process(Stages.java:197)
	at org.glassfish.jersey.server.ServerRuntime$2.run(ServerRuntime.java:318)
	at org.glassfish.jersey.internal.Errors$1.call(Errors.java:271)
	at org.glassfish.jersey.internal.Errors$1.call(Errors.java:267)
	at org.glassfish.jersey.internal.Errors.process(Errors.java:315)
	at org.glassfish.jersey.internal.Errors.process(Errors.java:297)
	at org.glassfish.jersey.internal.Errors.process(Errors.java:267)
	at org.glassfish.jersey.process.internal.RequestScope.runInScope(RequestScope.java:317)
	at org.glassfish.jersey.server.ServerRuntime.process(ServerRuntime.java:305)
	at org.glassfish.jersey.server.ApplicationHandler.handle(ApplicationHandler.java:1154)
	at org.glassfish.jersey.grizzly2.httpserver.GrizzlyHttpContainer.service(GrizzlyHttpContainer.java:384)
	at org.glassfish.grizzly.http.server.HttpHandler$1.run(HttpHandler.java:224)
	at org.glassfish.grizzly.threadpool.AbstractThreadPool$Worker.doWork(AbstractThreadPool.java:591)
	at org.glassfish.grizzly.threadpool.AbstractThreadPool$Worker.run(AbstractThreadPool.java:571)
	at java.base/java.lang.Thread.run(Thread.java:834)
