2020-12-04 18:45:12 INFO  GameManagerImpl:119 - Numero de usuarios en el sistema: 0
2020-12-04 18:45:12 INFO  GameManagerImpl:98 - Nuevo usuario en el sistema: User{username='Tatiana', password='hola'}
2020-12-04 18:45:12 INFO  GameManagerImpl:98 - Nuevo usuario en el sistema: User{username='Gabriel', password='buenas'}
2020-12-04 18:45:12 INFO  GameManagerImpl:98 - Nuevo usuario en el sistema: User{username='Kevin', password='bye'}
2020-12-04 18:45:12 INFO  GameManagerImpl:98 - Nuevo usuario en el sistema: User{username='Oscar', password='hello'}
2020-12-04 18:45:12 INFO  GameManagerImpl:98 - Nuevo usuario en el sistema: User{username='Miquel', password='adios'}
2020-12-04 18:45:14 INFO  GameManagerImpl:98 - Nuevo usuario en el sistema: User{username='hello', password='hey'}
2020-12-04 18:45:36 INFO  GameManagerImpl:119 - Numero de usuarios en el sistema: 6
2020-12-04 18:45:36 INFO  GameManagerImpl:106 - Usuario logeado: User{username='hello', password='hey'}
2020-12-09 18:00:00 INFO  GameManagerImpl:128 - Numero de usuarios en el sistema: 0
2020-12-09 18:00:00 INFO  GameManagerImpl:98 - Nuevo usuario en el sistema: User{username='Tatiana', mail='tatiana@hotmail.es', name='Tatiana', lastname='Tkachuk', city='Barcelona', password='hola', image='null', life='null', level='null'}
2020-12-09 18:00:00 INFO  GameManagerImpl:98 - Nuevo usuario en el sistema: User{username='Gabriel', mail='gabriel@hotmail.es', name='Gabriel', lastname='Donate', city='Barcelona', password='buenas', image='null', life='null', level='null'}
2020-12-09 18:00:00 INFO  GameManagerImpl:98 - Nuevo usuario en el sistema: User{username='Kevin', mail='kevin@hotmail.es', name='Kevin', lastname='Alcalde', city='Barcelona', password='bye', image='null', life='null', level='null'}
2020-12-09 18:00:00 INFO  GameManagerImpl:98 - Nuevo usuario en el sistema: User{username='Oscar', mail='oscar@hotmail.es', name='Oscar', lastname='Vilamitjana', city='Barcelona', password='hello', image='null', life='null', level='null'}
2020-12-09 18:00:00 INFO  GameManagerImpl:98 - Nuevo usuario en el sistema: User{username='Miquel', mail='miquel@hotmail.es', name='Miquel', lastname='Arina', city='Barcelona', password='adios', image='null', life='null', level='null'}
2020-12-09 18:00:00 INFO  GameManagerImpl:116 - Usuario con la imagen añadida: User{username='Tatiana', mail='tatiana@hotmail.es', name='Tatiana', lastname='Tkachuk', city='Barcelona', password='hola', image='/resources/users/tatiana.jpg', life='null', level='null'}
2020-12-09 18:00:00 INFO  GameManagerImpl:116 - Usuario con la imagen añadida: User{username='Gabriel', mail='gabriel@hotmail.es', name='Gabriel', lastname='Donate', city='Barcelona', password='buenas', image='/resources/users/gabriel.png', life='null', level='null'}
2020-12-09 18:00:00 INFO  GameManagerImpl:116 - Usuario con la imagen añadida: User{username='Kevin', mail='kevin@hotmail.es', name='Kevin', lastname='Alcalde', city='Barcelona', password='bye', image='/resources/users/kevin.png', life='null', level='null'}
2020-12-09 18:00:00 INFO  GameManagerImpl:116 - Usuario con la imagen añadida: User{username='Oscar', mail='oscar@hotmail.es', name='Oscar', lastname='Vilamitjana', city='Barcelona', password='hello', image='/resources/users/oscar.jpg', life='null', level='null'}
2020-12-09 18:00:00 INFO  GameManagerImpl:116 - Usuario con la imagen añadida: User{username='Miquel', mail='miquel@hotmail.es', name='Miquel', lastname='Arina', city='Barcelona', password='adios', image='/resources/users/mikel.png', life='null', level='null'}
2020-12-09 18:02:19 INFO  GameManagerImpl:128 - Numero de usuarios en el sistema: 5
2020-12-09 18:02:48 INFO  GameManagerImpl:128 - Numero de usuarios en el sistema: 5
2020-12-09 18:02:48 INFO  GameManagerImpl:98 - Nuevo usuario en el sistema: User{username='tonioller', mail='antoni.oller@upc.edu', name='Toni', lastname='Oller', city='BDN', password='12345', image='null', life='null', level='null'}
2020-12-09 18:06:53 INFO  GameManagerImpl:128 - Numero de usuarios en el sistema: 0
2020-12-09 18:06:53 INFO  GameManagerImpl:98 - Nuevo usuario en el sistema: User{username='Tatiana', mail='tatiana@hotmail.es', name='Tatiana', lastname='Tkachuk', city='Barcelona', password='hola', image='null', life='null', level='null'}
2020-12-09 18:06:53 INFO  GameManagerImpl:98 - Nuevo usuario en el sistema: User{username='Gabriel', mail='gabriel@hotmail.es', name='Gabriel', lastname='Donate', city='Barcelona', password='buenas', image='null', life='null', level='null'}
2020-12-09 18:06:53 INFO  GameManagerImpl:98 - Nuevo usuario en el sistema: User{username='Kevin', mail='kevin@hotmail.es', name='Kevin', lastname='Alcalde', city='Barcelona', password='bye', image='null', life='null', level='null'}
2020-12-09 18:06:53 INFO  GameManagerImpl:98 - Nuevo usuario en el sistema: User{username='Oscar', mail='oscar@hotmail.es', name='Oscar', lastname='Vilamitjana', city='Barcelona', password='hello', image='null', life='null', level='null'}
2020-12-09 18:06:53 INFO  GameManagerImpl:98 - Nuevo usuario en el sistema: User{username='Miquel', mail='miquel@hotmail.es', name='Miquel', lastname='Arina', city='Barcelona', password='adios', image='null', life='null', level='null'}
2020-12-09 18:06:53 INFO  GameManagerImpl:116 - Usuario con la imagen añadida: User{username='Tatiana', mail='tatiana@hotmail.es', name='Tatiana', lastname='Tkachuk', city='Barcelona', password='hola', image='/resources/users/tatiana.jpg', life='null', level='null'}
2020-12-09 18:06:53 INFO  GameManagerImpl:116 - Usuario con la imagen añadida: User{username='Gabriel', mail='gabriel@hotmail.es', name='Gabriel', lastname='Donate', city='Barcelona', password='buenas', image='/resources/users/gabriel.png', life='null', level='null'}
2020-12-09 18:06:53 INFO  GameManagerImpl:116 - Usuario con la imagen añadida: User{username='Kevin', mail='kevin@hotmail.es', name='Kevin', lastname='Alcalde', city='Barcelona', password='bye', image='/resources/users/kevin.png', life='null', level='null'}
2020-12-09 18:06:53 INFO  GameManagerImpl:116 - Usuario con la imagen añadida: User{username='Oscar', mail='oscar@hotmail.es', name='Oscar', lastname='Vilamitjana', city='Barcelona', password='hello', image='/resources/users/oscar.jpg', life='null', level='null'}
2020-12-09 18:06:53 INFO  GameManagerImpl:116 - Usuario con la imagen añadida: User{username='Miquel', mail='miquel@hotmail.es', name='Miquel', lastname='Arina', city='Barcelona', password='adios', image='/resources/users/mikel.png', life='null', level='null'}
2020-12-09 18:08:00 INFO  GameManagerImpl:128 - Numero de usuarios en el sistema: 0
2020-12-09 18:08:00 INFO  GameManagerImpl:98 - Nuevo usuario en el sistema: User{username='Tatiana', mail='tatiana@hotmail.es', name='Tatiana', lastname='Tkachuk', city='Barcelona', password='hola', image='null', life='null', level='null'}
2020-12-09 18:08:00 INFO  GameManagerImpl:98 - Nuevo usuario en el sistema: User{username='Gabriel', mail='gabriel@hotmail.es', name='Gabriel', lastname='Donate', city='Barcelona', password='buenas', image='null', life='null', level='null'}
2020-12-09 18:08:00 INFO  GameManagerImpl:98 - Nuevo usuario en el sistema: User{username='Kevin', mail='kevin@hotmail.es', name='Kevin', lastname='Alcalde', city='Barcelona', password='bye', image='null', life='null', level='null'}
2020-12-09 18:08:00 INFO  GameManagerImpl:98 - Nuevo usuario en el sistema: User{username='Oscar', mail='oscar@hotmail.es', name='Oscar', lastname='Vilamitjana', city='Barcelona', password='hello', image='null', life='null', level='null'}
2020-12-09 18:08:00 INFO  GameManagerImpl:98 - Nuevo usuario en el sistema: User{username='Miquel', mail='miquel@hotmail.es', name='Miquel', lastname='Arina', city='Barcelona', password='adios', image='null', life='null', level='null'}
2020-12-09 18:08:00 INFO  GameManagerImpl:116 - Usuario con la imagen añadida: User{username='Tatiana', mail='tatiana@hotmail.es', name='Tatiana', lastname='Tkachuk', city='Barcelona', password='hola', image='/resources/users/tatiana.jpg', life='null', level='null'}
2020-12-09 18:08:00 INFO  GameManagerImpl:116 - Usuario con la imagen añadida: User{username='Gabriel', mail='gabriel@hotmail.es', name='Gabriel', lastname='Donate', city='Barcelona', password='buenas', image='/resources/users/gabriel.png', life='null', level='null'}
2020-12-09 18:08:00 INFO  GameManagerImpl:116 - Usuario con la imagen añadida: User{username='Kevin', mail='kevin@hotmail.es', name='Kevin', lastname='Alcalde', city='Barcelona', password='bye', image='/resources/users/kevin.png', life='null', level='null'}
2020-12-09 18:08:00 INFO  GameManagerImpl:116 - Usuario con la imagen añadida: User{username='Oscar', mail='oscar@hotmail.es', name='Oscar', lastname='Vilamitjana', city='Barcelona', password='hello', image='/resources/users/oscar.jpg', life='null', level='null'}
2020-12-09 18:08:00 INFO  GameManagerImpl:116 - Usuario con la imagen añadida: User{username='Miquel', mail='miquel@hotmail.es', name='Miquel', lastname='Arina', city='Barcelona', password='adios', image='/resources/users/mikel.png', life='null', level='null'}
2020-12-09 18:09:44 INFO  GameManagerImpl:128 - Numero de usuarios en el sistema: 0
2020-12-09 18:09:44 INFO  GameManagerImpl:98 - Nuevo usuario en el sistema: User{username='Tatiana', mail='tatiana@hotmail.es', name='Tatiana', lastname='Tkachuk', city='Barcelona', password='hola', image='null', life='null', level='null'}
2020-12-09 18:09:44 INFO  GameManagerImpl:98 - Nuevo usuario en el sistema: User{username='Gabriel', mail='gabriel@hotmail.es', name='Gabriel', lastname='Donate', city='Barcelona', password='buenas', image='null', life='null', level='null'}
2020-12-09 18:09:44 INFO  GameManagerImpl:98 - Nuevo usuario en el sistema: User{username='Kevin', mail='kevin@hotmail.es', name='Kevin', lastname='Alcalde', city='Barcelona', password='bye', image='null', life='null', level='null'}
2020-12-09 18:09:44 INFO  GameManagerImpl:98 - Nuevo usuario en el sistema: User{username='Oscar', mail='oscar@hotmail.es', name='Oscar', lastname='Vilamitjana', city='Barcelona', password='hello', image='null', life='null', level='null'}
2020-12-09 18:09:44 INFO  GameManagerImpl:98 - Nuevo usuario en el sistema: User{username='Miquel', mail='miquel@hotmail.es', name='Miquel', lastname='Arina', city='Barcelona', password='adios', image='null', life='null', level='null'}
2020-12-09 18:09:44 INFO  GameManagerImpl:116 - Usuario con la imagen añadida: User{username='Tatiana', mail='tatiana@hotmail.es', name='Tatiana', lastname='Tkachuk', city='Barcelona', password='hola', image='/resources/users/tatiana.jpg', life='null', level='null'}
2020-12-09 18:09:44 INFO  GameManagerImpl:116 - Usuario con la imagen añadida: User{username='Gabriel', mail='gabriel@hotmail.es', name='Gabriel', lastname='Donate', city='Barcelona', password='buenas', image='/resources/users/gabriel.png', life='null', level='null'}
2020-12-09 18:09:44 INFO  GameManagerImpl:116 - Usuario con la imagen añadida: User{username='Kevin', mail='kevin@hotmail.es', name='Kevin', lastname='Alcalde', city='Barcelona', password='bye', image='/resources/users/kevin.png', life='null', level='null'}
2020-12-09 18:09:44 INFO  GameManagerImpl:116 - Usuario con la imagen añadida: User{username='Oscar', mail='oscar@hotmail.es', name='Oscar', lastname='Vilamitjana', city='Barcelona', password='hello', image='/resources/users/oscar.jpg', life='null', level='null'}
2020-12-09 18:09:44 INFO  GameManagerImpl:116 - Usuario con la imagen añadida: User{username='Miquel', mail='miquel@hotmail.es', name='Miquel', lastname='Arina', city='Barcelona', password='adios', image='/resources/users/mikel.png', life='null', level='null'}
2020-12-09 18:10:01 INFO  GameManagerImpl:128 - Numero de usuarios en el sistema: 5
2020-12-09 18:10:01 INFO  GameManagerImpl:98 - Nuevo usuario en el sistema: User{username='tototo', mail='392309233209', name='23902390329090', lastname='9090090932', city='33232', password='233223', image='null', life='null', level='null'}
2020-12-09 18:18:42 INFO  GameManagerImpl:128 - Numero de usuarios en el sistema: 0
2020-12-09 18:18:42 INFO  GameManagerImpl:98 - Nuevo usuario en el sistema: User{username='Tatiana', mail='tatiana@hotmail.es', name='Tatiana', lastname='Tkachuk', city='Barcelona', password='hola', image='null', life='null', level='null'}
2020-12-09 18:18:42 INFO  GameManagerImpl:98 - Nuevo usuario en el sistema: User{username='Gabriel', mail='gabriel@hotmail.es', name='Gabriel', lastname='Donate', city='Barcelona', password='buenas', image='null', life='null', level='null'}
2020-12-09 18:18:42 INFO  GameManagerImpl:98 - Nuevo usuario en el sistema: User{username='Kevin', mail='kevin@hotmail.es', name='Kevin', lastname='Alcalde', city='Barcelona', password='bye', image='null', life='null', level='null'}
2020-12-09 18:18:42 INFO  GameManagerImpl:98 - Nuevo usuario en el sistema: User{username='Oscar', mail='oscar@hotmail.es', name='Oscar', lastname='Vilamitjana', city='Barcelona', password='hello', image='null', life='null', level='null'}
2020-12-09 18:18:42 INFO  GameManagerImpl:98 - Nuevo usuario en el sistema: User{username='Miquel', mail='miquel@hotmail.es', name='Miquel', lastname='Arina', city='Barcelona', password='adios', image='null', life='null', level='null'}
2020-12-09 18:18:42 INFO  GameManagerImpl:116 - Usuario con la imagen añadida: User{username='Tatiana', mail='tatiana@hotmail.es', name='Tatiana', lastname='Tkachuk', city='Barcelona', password='hola', image='/resources/users/tatiana.jpg', life='null', level='null'}
2020-12-09 18:18:42 INFO  GameManagerImpl:116 - Usuario con la imagen añadida: User{username='Gabriel', mail='gabriel@hotmail.es', name='Gabriel', lastname='Donate', city='Barcelona', password='buenas', image='/resources/users/gabriel.png', life='null', level='null'}
2020-12-09 18:18:42 INFO  GameManagerImpl:116 - Usuario con la imagen añadida: User{username='Kevin', mail='kevin@hotmail.es', name='Kevin', lastname='Alcalde', city='Barcelona', password='bye', image='/resources/users/kevin.png', life='null', level='null'}
2020-12-09 18:18:42 INFO  GameManagerImpl:116 - Usuario con la imagen añadida: User{username='Oscar', mail='oscar@hotmail.es', name='Oscar', lastname='Vilamitjana', city='Barcelona', password='hello', image='/resources/users/oscar.jpg', life='null', level='null'}
2020-12-09 18:18:42 INFO  GameManagerImpl:116 - Usuario con la imagen añadida: User{username='Miquel', mail='miquel@hotmail.es', name='Miquel', lastname='Arina', city='Barcelona', password='adios', image='/resources/users/mikel.png', life='null', level='null'}
2020-12-09 18:19:01 INFO  GameManagerImpl:128 - Numero de usuarios en el sistema: 5
2020-12-09 18:19:02 INFO  GameManagerImpl:98 - Nuevo usuario en el sistema: User{username='toni', mail='main', name='name', lastname='last', city='string', password='string', image='null', life='null', level='null'}
2020-12-09 18:19:14 INFO  GameManagerImpl:128 - Numero de usuarios en el sistema: 6
2020-12-09 18:19:29 INFO  GameManagerImpl:128 - Numero de usuarios en el sistema: 6
2020-12-09 18:19:29 INFO  GameManagerImpl:98 - Nuevo usuario en el sistema: User{username='rereere', mail='ererr', name='ererere', lastname='rererer', city='erreerrere', password='erreerer', image='null', life='null', level='null'}
2020-12-09 18:53:42 INFO  GameManagerImpl:128 - Numero de usuarios en el sistema: 0
2020-12-09 18:53:42 INFO  GameManagerImpl:98 - Nuevo usuario en el sistema: User{username='Tatiana', mail='tatiana@hotmail.es', name='Tatiana', lastname='Tkachuk', city='Barcelona', password='hola', image='null', life='null', level='null'}
2020-12-09 18:53:42 INFO  GameManagerImpl:98 - Nuevo usuario en el sistema: User{username='Gabriel', mail='gabriel@hotmail.es', name='Gabriel', lastname='Donate', city='Barcelona', password='buenas', image='null', life='null', level='null'}
2020-12-09 18:53:42 INFO  GameManagerImpl:98 - Nuevo usuario en el sistema: User{username='Kevin', mail='kevin@hotmail.es', name='Kevin', lastname='Alcalde', city='Barcelona', password='bye', image='null', life='null', level='null'}
2020-12-09 18:53:42 INFO  GameManagerImpl:98 - Nuevo usuario en el sistema: User{username='Oscar', mail='oscar@hotmail.es', name='Oscar', lastname='Vilamitjana', city='Barcelona', password='hello', image='null', life='null', level='null'}
2020-12-09 18:53:42 INFO  GameManagerImpl:98 - Nuevo usuario en el sistema: User{username='Miquel', mail='miquel@hotmail.es', name='Miquel', lastname='Arina', city='Barcelona', password='adios', image='null', life='null', level='null'}
2020-12-09 18:53:42 INFO  GameManagerImpl:116 - Usuario con la imagen añadida: User{username='Tatiana', mail='tatiana@hotmail.es', name='Tatiana', lastname='Tkachuk', city='Barcelona', password='hola', image='/resources/users/tatiana.jpg', life='null', level='null'}
2020-12-09 18:53:42 INFO  GameManagerImpl:116 - Usuario con la imagen añadida: User{username='Gabriel', mail='gabriel@hotmail.es', name='Gabriel', lastname='Donate', city='Barcelona', password='buenas', image='/resources/users/gabriel.png', life='null', level='null'}
2020-12-09 18:53:42 INFO  GameManagerImpl:116 - Usuario con la imagen añadida: User{username='Kevin', mail='kevin@hotmail.es', name='Kevin', lastname='Alcalde', city='Barcelona', password='bye', image='/resources/users/kevin.png', life='null', level='null'}
2020-12-09 18:53:42 INFO  GameManagerImpl:116 - Usuario con la imagen añadida: User{username='Oscar', mail='oscar@hotmail.es', name='Oscar', lastname='Vilamitjana', city='Barcelona', password='hello', image='/resources/users/oscar.jpg', life='null', level='null'}
2020-12-09 18:53:42 INFO  GameManagerImpl:116 - Usuario con la imagen añadida: User{username='Miquel', mail='miquel@hotmail.es', name='Miquel', lastname='Arina', city='Barcelona', password='adios', image='/resources/users/mikel.png', life='null', level='null'}
2020-12-09 18:54:11 INFO  GameManagerImpl:128 - Numero de usuarios en el sistema: 5
2020-12-09 18:55:33 INFO  GameManagerImpl:128 - Numero de usuarios en el sistema: 0
2020-12-09 18:55:33 INFO  GameManagerImpl:98 - Nuevo usuario en el sistema: User{username='Tatiana', mail='tatiana@hotmail.es', name='Tatiana', lastname='Tkachuk', city='Barcelona', password='hola', image='null', life='null', level='null'}
2020-12-09 18:55:33 INFO  GameManagerImpl:98 - Nuevo usuario en el sistema: User{username='Gabriel', mail='gabriel@hotmail.es', name='Gabriel', lastname='Donate', city='Barcelona', password='buenas', image='null', life='null', level='null'}
2020-12-09 18:55:33 INFO  GameManagerImpl:98 - Nuevo usuario en el sistema: User{username='Kevin', mail='kevin@hotmail.es', name='Kevin', lastname='Alcalde', city='Barcelona', password='bye', image='null', life='null', level='null'}
2020-12-09 18:55:33 INFO  GameManagerImpl:98 - Nuevo usuario en el sistema: User{username='Oscar', mail='oscar@hotmail.es', name='Oscar', lastname='Vilamitjana', city='Barcelona', password='hello', image='null', life='null', level='null'}
2020-12-09 18:55:33 INFO  GameManagerImpl:98 - Nuevo usuario en el sistema: User{username='Miquel', mail='miquel@hotmail.es', name='Miquel', lastname='Arina', city='Barcelona', password='adios', image='null', life='null', level='null'}
2020-12-09 18:55:33 INFO  GameManagerImpl:116 - Usuario con la imagen añadida: User{username='Tatiana', mail='tatiana@hotmail.es', name='Tatiana', lastname='Tkachuk', city='Barcelona', password='hola', image='/resources/users/tatiana.jpg', life='null', level='null'}
2020-12-09 18:55:33 INFO  GameManagerImpl:116 - Usuario con la imagen añadida: User{username='Gabriel', mail='gabriel@hotmail.es', name='Gabriel', lastname='Donate', city='Barcelona', password='buenas', image='/resources/users/gabriel.png', life='null', level='null'}
2020-12-09 18:55:33 INFO  GameManagerImpl:116 - Usuario con la imagen añadida: User{username='Kevin', mail='kevin@hotmail.es', name='Kevin', lastname='Alcalde', city='Barcelona', password='bye', image='/resources/users/kevin.png', life='null', level='null'}
2020-12-09 18:55:33 INFO  GameManagerImpl:116 - Usuario con la imagen añadida: User{username='Oscar', mail='oscar@hotmail.es', name='Oscar', lastname='Vilamitjana', city='Barcelona', password='hello', image='/resources/users/oscar.jpg', life='null', level='null'}
2020-12-09 18:55:33 INFO  GameManagerImpl:116 - Usuario con la imagen añadida: User{username='Miquel', mail='miquel@hotmail.es', name='Miquel', lastname='Arina', city='Barcelona', password='adios', image='/resources/users/mikel.png', life='null', level='null'}
2020-12-09 18:55:35 INFO  GameManagerImpl:128 - Numero de usuarios en el sistema: 5
2020-12-09 18:55:43 INFO  GameManagerImpl:128 - Numero de usuarios en el sistema: 5
2020-12-09 18:55:43 INFO  GameManagerImpl:98 - Nuevo usuario en el sistema: User{username='g', mail='g', name='g', lastname='g', city='g', password='g', image='null', life='null', level='null'}
2020-12-09 18:58:02 INFO  GameManagerImpl:128 - Numero de usuarios en el sistema: 6
2020-12-09 18:58:03 INFO  GameManagerImpl:128 - Numero de usuarios en el sistema: 6
2020-12-09 18:58:16 INFO  GameManagerImpl:128 - Numero de usuarios en el sistema: 6
2020-12-09 18:58:26 INFO  GameManagerImpl:128 - Numero de usuarios en el sistema: 6
2020-12-09 18:58:32 INFO  GameManagerImpl:128 - Numero de usuarios en el sistema: 6
2020-12-09 18:59:09 INFO  GameManagerImpl:128 - Numero de usuarios en el sistema: 6
2020-12-09 18:59:52 INFO  GameManagerImpl:128 - Numero de usuarios en el sistema: 6
2020-12-09 18:59:52 INFO  GameManagerImpl:98 - Nuevo usuario en el sistema: User{username='sfsadf', mail='dsfds', name='dfsdaf', lastname='fsdaf', city='sfds', password='safdsa', image='null', life='null', level='null'}
2020-12-10 01:24:11 INFO  GameManagerImpl:128 - Numero de usuarios en el sistema: 0
2020-12-10 01:24:11 INFO  GameManagerImpl:98 - Nuevo usuario en el sistema: User{username='Tatiana', mail='tatiana@hotmail.es', name='Tatiana', lastname='Tkachuk', city='Barcelona', password='hola', image='null', life='null', level='null'}
2020-12-10 01:24:11 INFO  GameManagerImpl:98 - Nuevo usuario en el sistema: User{username='Gabriel', mail='gabriel@hotmail.es', name='Gabriel', lastname='Donate', city='Barcelona', password='buenas', image='null', life='null', level='null'}
2020-12-10 01:24:11 INFO  GameManagerImpl:98 - Nuevo usuario en el sistema: User{username='Kevin', mail='kevin@hotmail.es', name='Kevin', lastname='Alcalde', city='Barcelona', password='bye', image='null', life='null', level='null'}
2020-12-10 01:24:11 INFO  GameManagerImpl:98 - Nuevo usuario en el sistema: User{username='Oscar', mail='oscar@hotmail.es', name='Oscar', lastname='Vilamitjana', city='Barcelona', password='hello', image='null', life='null', level='null'}
2020-12-10 01:24:11 INFO  GameManagerImpl:98 - Nuevo usuario en el sistema: User{username='Miquel', mail='miquel@hotmail.es', name='Miquel', lastname='Arina', city='Barcelona', password='adios', image='null', life='null', level='null'}
2020-12-10 01:24:11 INFO  GameManagerImpl:116 - Usuario con la imagen añadida: User{username='Tatiana', mail='tatiana@hotmail.es', name='Tatiana', lastname='Tkachuk', city='Barcelona', password='hola', image='/resources/users/tatiana.jpg', life='null', level='null'}
2020-12-10 01:24:11 INFO  GameManagerImpl:116 - Usuario con la imagen añadida: User{username='Gabriel', mail='gabriel@hotmail.es', name='Gabriel', lastname='Donate', city='Barcelona', password='buenas', image='/resources/users/gabriel.png', life='null', level='null'}
2020-12-10 01:24:11 INFO  GameManagerImpl:116 - Usuario con la imagen añadida: User{username='Kevin', mail='kevin@hotmail.es', name='Kevin', lastname='Alcalde', city='Barcelona', password='bye', image='/resources/users/kevin.png', life='null', level='null'}
2020-12-10 01:24:11 INFO  GameManagerImpl:116 - Usuario con la imagen añadida: User{username='Oscar', mail='oscar@hotmail.es', name='Oscar', lastname='Vilamitjana', city='Barcelona', password='hello', image='/resources/users/oscar.jpg', life='null', level='null'}
2020-12-10 01:24:11 INFO  GameManagerImpl:116 - Usuario con la imagen añadida: User{username='Miquel', mail='miquel@hotmail.es', name='Miquel', lastname='Arina', city='Barcelona', password='adios', image='/resources/users/mikel.png', life='null', level='null'}
2020-12-10 01:24:40 INFO  GameManagerImpl:128 - Numero de usuarios en el sistema: 5
2020-12-10 01:24:58 INFO  GameManagerImpl:128 - Numero de usuarios en el sistema: 5
2020-12-10 01:24:58 INFO  GameManagerImpl:98 - Nuevo usuario en el sistema: User{username='dg', mail='fgfdg', name='fgfdg', lastname='fgfgg', city='fgfd', password='fgdf', image='null', life='null', level='null'}
2020-12-10 01:25:47 INFO  GameManagerImpl:128 - Numero de usuarios en el sistema: 6
2020-12-10 01:26:05 INFO  GameManagerImpl:128 - Numero de usuarios en el sistema: 6
2020-12-10 01:27:52 INFO  GameManagerImpl:128 - Numero de usuarios en el sistema: 6
2020-12-10 01:27:52 INFO  GameManagerImpl:98 - Nuevo usuario en el sistema: User{username='sfs', mail='sfds', name='df', lastname='dfsd', city='dfs', password='dsf', image='null', life='null', level='null'}
2020-12-10 01:28:23 INFO  GameManagerImpl:128 - Numero de usuarios en el sistema: 7
2020-12-10 01:29:26 INFO  GameManagerImpl:128 - Numero de usuarios en el sistema: 7
2020-12-10 01:29:32 INFO  GameManagerImpl:128 - Numero de usuarios en el sistema: 7
2020-12-10 12:44:16 INFO  GameManagerImpl:128 - Numero de usuarios en el sistema: 0
2020-12-10 12:44:16 INFO  GameManagerImpl:98 - Nuevo usuario en el sistema: User{username='Tatiana', mail='tatiana@hotmail.es', name='Tatiana', lastname='Tkachuk', city='Barcelona', password='hola', image='null', life='null', level='null'}
2020-12-10 12:44:16 INFO  GameManagerImpl:98 - Nuevo usuario en el sistema: User{username='Gabriel', mail='gabriel@hotmail.es', name='Gabriel', lastname='Donate', city='Barcelona', password='buenas', image='null', life='null', level='null'}
2020-12-10 12:44:16 INFO  GameManagerImpl:98 - Nuevo usuario en el sistema: User{username='Kevin', mail='kevin@hotmail.es', name='Kevin', lastname='Alcalde', city='Barcelona', password='bye', image='null', life='null', level='null'}
2020-12-10 12:44:16 INFO  GameManagerImpl:98 - Nuevo usuario en el sistema: User{username='Oscar', mail='oscar@hotmail.es', name='Oscar', lastname='Vilamitjana', city='Barcelona', password='hello', image='null', life='null', level='null'}
2020-12-10 12:44:16 INFO  GameManagerImpl:98 - Nuevo usuario en el sistema: User{username='Miquel', mail='miquel@hotmail.es', name='Miquel', lastname='Arina', city='Barcelona', password='adios', image='null', life='null', level='null'}
2020-12-10 12:44:16 INFO  GameManagerImpl:116 - Usuario con la imagen añadida: User{username='Tatiana', mail='tatiana@hotmail.es', name='Tatiana', lastname='Tkachuk', city='Barcelona', password='hola', image='/resources/users/tatiana.jpg', life='null', level='null'}
2020-12-10 12:44:16 INFO  GameManagerImpl:116 - Usuario con la imagen añadida: User{username='Gabriel', mail='gabriel@hotmail.es', name='Gabriel', lastname='Donate', city='Barcelona', password='buenas', image='/resources/users/gabriel.png', life='null', level='null'}
2020-12-10 12:44:16 INFO  GameManagerImpl:116 - Usuario con la imagen añadida: User{username='Kevin', mail='kevin@hotmail.es', name='Kevin', lastname='Alcalde', city='Barcelona', password='bye', image='/resources/users/kevin.png', life='null', level='null'}
2020-12-10 12:44:16 INFO  GameManagerImpl:116 - Usuario con la imagen añadida: User{username='Oscar', mail='oscar@hotmail.es', name='Oscar', lastname='Vilamitjana', city='Barcelona', password='hello', image='/resources/users/oscar.jpg', life='null', level='null'}
2020-12-10 12:44:16 INFO  GameManagerImpl:116 - Usuario con la imagen añadida: User{username='Miquel', mail='miquel@hotmail.es', name='Miquel', lastname='Arina', city='Barcelona', password='adios', image='/resources/users/mikel.png', life='null', level='null'}
2020-12-10 12:44:27 INFO  GameManagerImpl:128 - Numero de usuarios en el sistema: 5
2020-12-10 12:44:32 INFO  GameManagerImpl:128 - Numero de usuarios en el sistema: 5
2020-12-10 12:44:46 INFO  GameManagerImpl:128 - Numero de usuarios en el sistema: 5
2020-12-10 12:45:02 INFO  GameManagerImpl:128 - Numero de usuarios en el sistema: 5
2020-12-10 12:45:03 INFO  GameManagerImpl:98 - Nuevo usuario en el sistema: User{username='g', mail='g', name='g', lastname='g', city='g', password='g', image='null', life='null', level='null'}
2020-12-10 12:46:38 INFO  GameManagerImpl:128 - Numero de usuarios en el sistema: 6
2020-12-10 12:46:46 INFO  GameManagerImpl:128 - Numero de usuarios en el sistema: 6
2020-12-10 12:46:46 INFO  GameManagerImpl:98 - Nuevo usuario en el sistema: User{username='eweew', mail='ewewew', name='ewweewew', lastname='weeweew', city='eweew', password='ewweewew', image='null', life='null', level='null'}
2020-12-10 12:49:39 INFO  GameManagerImpl:128 - Numero de usuarios en el sistema: 0
2020-12-10 12:49:39 INFO  GameManagerImpl:98 - Nuevo usuario en el sistema: User{username='Tatiana', mail='tatiana@hotmail.es', name='Tatiana', lastname='Tkachuk', city='Barcelona', password='hola', image='null', life='null', level='null'}
2020-12-10 12:49:39 INFO  GameManagerImpl:98 - Nuevo usuario en el sistema: User{username='Gabriel', mail='gabriel@hotmail.es', name='Gabriel', lastname='Donate', city='Barcelona', password='buenas', image='null', life='null', level='null'}
2020-12-10 12:49:39 INFO  GameManagerImpl:98 - Nuevo usuario en el sistema: User{username='Kevin', mail='kevin@hotmail.es', name='Kevin', lastname='Alcalde', city='Barcelona', password='bye', image='null', life='null', level='null'}
2020-12-10 12:49:39 INFO  GameManagerImpl:98 - Nuevo usuario en el sistema: User{username='Oscar', mail='oscar@hotmail.es', name='Oscar', lastname='Vilamitjana', city='Barcelona', password='hello', image='null', life='null', level='null'}
2020-12-10 12:49:39 INFO  GameManagerImpl:98 - Nuevo usuario en el sistema: User{username='Miquel', mail='miquel@hotmail.es', name='Miquel', lastname='Arina', city='Barcelona', password='adios', image='null', life='null', level='null'}
2020-12-10 12:49:39 INFO  GameManagerImpl:116 - Usuario con la imagen añadida: User{username='Tatiana', mail='tatiana@hotmail.es', name='Tatiana', lastname='Tkachuk', city='Barcelona', password='hola', image='/resources/users/tatiana.jpg', life='null', level='null'}
2020-12-10 12:49:39 INFO  GameManagerImpl:116 - Usuario con la imagen añadida: User{username='Gabriel', mail='gabriel@hotmail.es', name='Gabriel', lastname='Donate', city='Barcelona', password='buenas', image='/resources/users/gabriel.png', life='null', level='null'}
2020-12-10 12:49:39 INFO  GameManagerImpl:116 - Usuario con la imagen añadida: User{username='Kevin', mail='kevin@hotmail.es', name='Kevin', lastname='Alcalde', city='Barcelona', password='bye', image='/resources/users/kevin.png', life='null', level='null'}
2020-12-10 12:49:39 INFO  GameManagerImpl:116 - Usuario con la imagen añadida: User{username='Oscar', mail='oscar@hotmail.es', name='Oscar', lastname='Vilamitjana', city='Barcelona', password='hello', image='/resources/users/oscar.jpg', life='null', level='null'}
2020-12-10 12:49:39 INFO  GameManagerImpl:116 - Usuario con la imagen añadida: User{username='Miquel', mail='miquel@hotmail.es', name='Miquel', lastname='Arina', city='Barcelona', password='adios', image='/resources/users/mikel.png', life='null', level='null'}
2020-12-10 12:53:59 INFO  GameManagerImpl:128 - Numero de usuarios en el sistema: 0
2020-12-10 12:53:59 INFO  GameManagerImpl:98 - Nuevo usuario en el sistema: User{username='Tatiana', mail='tatiana@hotmail.es', name='Tatiana', lastname='Tkachuk', city='Barcelona', password='hola', image='null', life='null', level='null'}
2020-12-10 12:53:59 INFO  GameManagerImpl:98 - Nuevo usuario en el sistema: User{username='Gabriel', mail='gabriel@hotmail.es', name='Gabriel', lastname='Donate', city='Barcelona', password='buenas', image='null', life='null', level='null'}
2020-12-10 12:53:59 INFO  GameManagerImpl:98 - Nuevo usuario en el sistema: User{username='Kevin', mail='kevin@hotmail.es', name='Kevin', lastname='Alcalde', city='Barcelona', password='bye', image='null', life='null', level='null'}
2020-12-10 12:53:59 INFO  GameManagerImpl:98 - Nuevo usuario en el sistema: User{username='Oscar', mail='oscar@hotmail.es', name='Oscar', lastname='Vilamitjana', city='Barcelona', password='hello', image='null', life='null', level='null'}
2020-12-10 12:53:59 INFO  GameManagerImpl:98 - Nuevo usuario en el sistema: User{username='Miquel', mail='miquel@hotmail.es', name='Miquel', lastname='Arina', city='Barcelona', password='adios', image='null', life='null', level='null'}
2020-12-10 12:53:59 INFO  GameManagerImpl:116 - Usuario con la imagen añadida: User{username='Tatiana', mail='tatiana@hotmail.es', name='Tatiana', lastname='Tkachuk', city='Barcelona', password='hola', image='/resources/users/tatiana.jpg', life='null', level='null'}
2020-12-10 12:53:59 INFO  GameManagerImpl:116 - Usuario con la imagen añadida: User{username='Gabriel', mail='gabriel@hotmail.es', name='Gabriel', lastname='Donate', city='Barcelona', password='buenas', image='/resources/users/gabriel.png', life='null', level='null'}
2020-12-10 12:53:59 INFO  GameManagerImpl:116 - Usuario con la imagen añadida: User{username='Kevin', mail='kevin@hotmail.es', name='Kevin', lastname='Alcalde', city='Barcelona', password='bye', image='/resources/users/kevin.png', life='null', level='null'}
2020-12-10 12:53:59 INFO  GameManagerImpl:116 - Usuario con la imagen añadida: User{username='Oscar', mail='oscar@hotmail.es', name='Oscar', lastname='Vilamitjana', city='Barcelona', password='hello', image='/resources/users/oscar.jpg', life='null', level='null'}
2020-12-10 12:53:59 INFO  GameManagerImpl:116 - Usuario con la imagen añadida: User{username='Miquel', mail='miquel@hotmail.es', name='Miquel', lastname='Arina', city='Barcelona', password='adios', image='/resources/users/mikel.png', life='null', level='null'}
2020-12-10 12:54:41 INFO  GameManagerImpl:128 - Numero de usuarios en el sistema: 5
2020-12-10 12:58:33 INFO  GameManagerImpl:128 - Numero de usuarios en el sistema: 0
2020-12-10 12:58:33 INFO  GameManagerImpl:98 - Nuevo usuario en el sistema: User{username='Tatiana', mail='tatiana@hotmail.es', name='Tatiana', lastname='Tkachuk', city='Barcelona', password='hola', image='null', life='null', level='null'}
2020-12-10 12:58:33 INFO  GameManagerImpl:98 - Nuevo usuario en el sistema: User{username='Gabriel', mail='gabriel@hotmail.es', name='Gabriel', lastname='Donate', city='Barcelona', password='buenas', image='null', life='null', level='null'}
2020-12-10 12:58:33 INFO  GameManagerImpl:98 - Nuevo usuario en el sistema: User{username='Kevin', mail='kevin@hotmail.es', name='Kevin', lastname='Alcalde', city='Barcelona', password='bye', image='null', life='null', level='null'}
2020-12-10 12:58:33 INFO  GameManagerImpl:98 - Nuevo usuario en el sistema: User{username='Oscar', mail='oscar@hotmail.es', name='Oscar', lastname='Vilamitjana', city='Barcelona', password='hello', image='null', life='null', level='null'}
2020-12-10 12:58:33 INFO  GameManagerImpl:98 - Nuevo usuario en el sistema: User{username='Miquel', mail='miquel@hotmail.es', name='Miquel', lastname='Arina', city='Barcelona', password='adios', image='null', life='null', level='null'}
2020-12-10 12:58:33 INFO  GameManagerImpl:116 - Usuario con la imagen añadida: User{username='Tatiana', mail='tatiana@hotmail.es', name='Tatiana', lastname='Tkachuk', city='Barcelona', password='hola', image='/resources/users/tatiana.jpg', life='null', level='null'}
2020-12-10 12:58:33 INFO  GameManagerImpl:116 - Usuario con la imagen añadida: User{username='Gabriel', mail='gabriel@hotmail.es', name='Gabriel', lastname='Donate', city='Barcelona', password='buenas', image='/resources/users/gabriel.png', life='null', level='null'}
2020-12-10 12:58:33 INFO  GameManagerImpl:116 - Usuario con la imagen añadida: User{username='Kevin', mail='kevin@hotmail.es', name='Kevin', lastname='Alcalde', city='Barcelona', password='bye', image='/resources/users/kevin.png', life='null', level='null'}
2020-12-10 12:58:33 INFO  GameManagerImpl:116 - Usuario con la imagen añadida: User{username='Oscar', mail='oscar@hotmail.es', name='Oscar', lastname='Vilamitjana', city='Barcelona', password='hello', image='/resources/users/oscar.jpg', life='null', level='null'}
2020-12-10 12:58:33 INFO  GameManagerImpl:116 - Usuario con la imagen añadida: User{username='Miquel', mail='miquel@hotmail.es', name='Miquel', lastname='Arina', city='Barcelona', password='adios', image='/resources/users/mikel.png', life='null', level='null'}
2020-12-10 13:04:35 INFO  GameManagerImpl:128 - Numero de usuarios en el sistema: 0
2020-12-10 13:04:35 INFO  GameManagerImpl:98 - Nuevo usuario en el sistema: User{username='Tatiana', mail='tatiana@hotmail.es', name='Tatiana', lastname='Tkachuk', city='Barcelona', password='hola', image='null', life='null', level='null'}
2020-12-10 13:04:35 INFO  GameManagerImpl:98 - Nuevo usuario en el sistema: User{username='Gabriel', mail='gabriel@hotmail.es', name='Gabriel', lastname='Donate', city='Barcelona', password='buenas', image='null', life='null', level='null'}
2020-12-10 13:04:35 INFO  GameManagerImpl:98 - Nuevo usuario en el sistema: User{username='Kevin', mail='kevin@hotmail.es', name='Kevin', lastname='Alcalde', city='Barcelona', password='bye', image='null', life='null', level='null'}
2020-12-10 13:04:35 INFO  GameManagerImpl:98 - Nuevo usuario en el sistema: User{username='Oscar', mail='oscar@hotmail.es', name='Oscar', lastname='Vilamitjana', city='Barcelona', password='hello', image='null', life='null', level='null'}
2020-12-10 13:04:35 INFO  GameManagerImpl:98 - Nuevo usuario en el sistema: User{username='Miquel', mail='miquel@hotmail.es', name='Miquel', lastname='Arina', city='Barcelona', password='adios', image='null', life='null', level='null'}
2020-12-10 13:04:35 INFO  GameManagerImpl:116 - Usuario con la imagen añadida: User{username='Tatiana', mail='tatiana@hotmail.es', name='Tatiana', lastname='Tkachuk', city='Barcelona', password='hola', image='/resources/users/tatiana.jpg', life='null', level='null'}
2020-12-10 13:04:35 INFO  GameManagerImpl:116 - Usuario con la imagen añadida: User{username='Gabriel', mail='gabriel@hotmail.es', name='Gabriel', lastname='Donate', city='Barcelona', password='buenas', image='/resources/users/gabriel.png', life='null', level='null'}
2020-12-10 13:04:35 INFO  GameManagerImpl:116 - Usuario con la imagen añadida: User{username='Kevin', mail='kevin@hotmail.es', name='Kevin', lastname='Alcalde', city='Barcelona', password='bye', image='/resources/users/kevin.png', life='null', level='null'}
2020-12-10 13:04:35 INFO  GameManagerImpl:116 - Usuario con la imagen añadida: User{username='Oscar', mail='oscar@hotmail.es', name='Oscar', lastname='Vilamitjana', city='Barcelona', password='hello', image='/resources/users/oscar.jpg', life='null', level='null'}
2020-12-10 13:04:35 INFO  GameManagerImpl:116 - Usuario con la imagen añadida: User{username='Miquel', mail='miquel@hotmail.es', name='Miquel', lastname='Arina', city='Barcelona', password='adios', image='/resources/users/mikel.png', life='null', level='null'}
2020-12-10 13:05:10 INFO  GameManagerImpl:128 - Numero de usuarios en el sistema: 5
2020-12-10 13:06:30 INFO  GameManagerImpl:128 - Numero de usuarios en el sistema: 0
2020-12-10 13:06:30 INFO  GameManagerImpl:98 - Nuevo usuario en el sistema: User{username='Tatiana', mail='tatiana@hotmail.es', name='Tatiana', lastname='Tkachuk', city='Barcelona', password='hola', image='null', life='null', level='null'}
2020-12-10 13:06:30 INFO  GameManagerImpl:98 - Nuevo usuario en el sistema: User{username='Gabriel', mail='gabriel@hotmail.es', name='Gabriel', lastname='Donate', city='Barcelona', password='buenas', image='null', life='null', level='null'}
2020-12-10 13:06:30 INFO  GameManagerImpl:98 - Nuevo usuario en el sistema: User{username='Kevin', mail='kevin@hotmail.es', name='Kevin', lastname='Alcalde', city='Barcelona', password='bye', image='null', life='null', level='null'}
2020-12-10 13:06:30 INFO  GameManagerImpl:98 - Nuevo usuario en el sistema: User{username='Oscar', mail='oscar@hotmail.es', name='Oscar', lastname='Vilamitjana', city='Barcelona', password='hello', image='null', life='null', level='null'}
2020-12-10 13:06:30 INFO  GameManagerImpl:98 - Nuevo usuario en el sistema: User{username='Miquel', mail='miquel@hotmail.es', name='Miquel', lastname='Arina', city='Barcelona', password='adios', image='null', life='null', level='null'}
2020-12-10 13:06:31 INFO  GameManagerImpl:116 - Usuario con la imagen añadida: User{username='Tatiana', mail='tatiana@hotmail.es', name='Tatiana', lastname='Tkachuk', city='Barcelona', password='hola', image='/resources/users/tatiana.jpg', life='null', level='null'}
2020-12-10 13:06:31 INFO  GameManagerImpl:116 - Usuario con la imagen añadida: User{username='Gabriel', mail='gabriel@hotmail.es', name='Gabriel', lastname='Donate', city='Barcelona', password='buenas', image='/resources/users/gabriel.png', life='null', level='null'}
2020-12-10 13:06:31 INFO  GameManagerImpl:116 - Usuario con la imagen añadida: User{username='Kevin', mail='kevin@hotmail.es', name='Kevin', lastname='Alcalde', city='Barcelona', password='bye', image='/resources/users/kevin.png', life='null', level='null'}
2020-12-10 13:06:31 INFO  GameManagerImpl:116 - Usuario con la imagen añadida: User{username='Oscar', mail='oscar@hotmail.es', name='Oscar', lastname='Vilamitjana', city='Barcelona', password='hello', image='/resources/users/oscar.jpg', life='null', level='null'}
2020-12-10 13:06:31 INFO  GameManagerImpl:116 - Usuario con la imagen añadida: User{username='Miquel', mail='miquel@hotmail.es', name='Miquel', lastname='Arina', city='Barcelona', password='adios', image='/resources/users/mikel.png', life='null', level='null'}
2020-12-10 13:06:41 INFO  GameManagerImpl:128 - Numero de usuarios en el sistema: 5
2020-12-10 13:10:08 INFO  GameManagerImpl:128 - Numero de usuarios en el sistema: 0
2020-12-10 13:10:09 INFO  GameManagerImpl:98 - Nuevo usuario en el sistema: User{username='Tatiana', mail='tatiana@hotmail.es', name='Tatiana', lastname='Tkachuk', city='Barcelona', password='hola', image='null', life='null', level='null'}
2020-12-10 13:10:09 INFO  GameManagerImpl:98 - Nuevo usuario en el sistema: User{username='Gabriel', mail='gabriel@hotmail.es', name='Gabriel', lastname='Donate', city='Barcelona', password='buenas', image='null', life='null', level='null'}
2020-12-10 13:10:09 INFO  GameManagerImpl:98 - Nuevo usuario en el sistema: User{username='Kevin', mail='kevin@hotmail.es', name='Kevin', lastname='Alcalde', city='Barcelona', password='bye', image='null', life='null', level='null'}
2020-12-10 13:10:09 INFO  GameManagerImpl:98 - Nuevo usuario en el sistema: User{username='Oscar', mail='oscar@hotmail.es', name='Oscar', lastname='Vilamitjana', city='Barcelona', password='hello', image='null', life='null', level='null'}
2020-12-10 13:10:09 INFO  GameManagerImpl:98 - Nuevo usuario en el sistema: User{username='Miquel', mail='miquel@hotmail.es', name='Miquel', lastname='Arina', city='Barcelona', password='adios', image='null', life='null', level='null'}
2020-12-10 13:10:09 INFO  GameManagerImpl:116 - Usuario con la imagen añadida: User{username='Tatiana', mail='tatiana@hotmail.es', name='Tatiana', lastname='Tkachuk', city='Barcelona', password='hola', image='/resources/users/tatiana.jpg', life='null', level='null'}
2020-12-10 13:10:09 INFO  GameManagerImpl:116 - Usuario con la imagen añadida: User{username='Gabriel', mail='gabriel@hotmail.es', name='Gabriel', lastname='Donate', city='Barcelona', password='buenas', image='/resources/users/gabriel.png', life='null', level='null'}
2020-12-10 13:10:09 INFO  GameManagerImpl:116 - Usuario con la imagen añadida: User{username='Kevin', mail='kevin@hotmail.es', name='Kevin', lastname='Alcalde', city='Barcelona', password='bye', image='/resources/users/kevin.png', life='null', level='null'}
2020-12-10 13:10:09 INFO  GameManagerImpl:116 - Usuario con la imagen añadida: User{username='Oscar', mail='oscar@hotmail.es', name='Oscar', lastname='Vilamitjana', city='Barcelona', password='hello', image='/resources/users/oscar.jpg', life='null', level='null'}
2020-12-10 13:10:09 INFO  GameManagerImpl:116 - Usuario con la imagen añadida: User{username='Miquel', mail='miquel@hotmail.es', name='Miquel', lastname='Arina', city='Barcelona', password='adios', image='/resources/users/mikel.png', life='null', level='null'}
2020-12-10 13:10:21 INFO  GameManagerImpl:128 - Numero de usuarios en el sistema: 5
2020-12-10 13:13:11 INFO  GameManagerImpl:128 - Numero de usuarios en el sistema: 0
2020-12-10 13:13:11 INFO  GameManagerImpl:98 - Nuevo usuario en el sistema: User{username='Tatiana', mail='tatiana@hotmail.es', name='Tatiana', lastname='Tkachuk', city='Barcelona', password='hola', image='null', life='null', level='null'}
2020-12-10 13:13:11 INFO  GameManagerImpl:98 - Nuevo usuario en el sistema: User{username='Gabriel', mail='gabriel@hotmail.es', name='Gabriel', lastname='Donate', city='Barcelona', password='buenas', image='null', life='null', level='null'}
2020-12-10 13:13:11 INFO  GameManagerImpl:98 - Nuevo usuario en el sistema: User{username='Kevin', mail='kevin@hotmail.es', name='Kevin', lastname='Alcalde', city='Barcelona', password='bye', image='null', life='null', level='null'}
2020-12-10 13:13:11 INFO  GameManagerImpl:98 - Nuevo usuario en el sistema: User{username='Oscar', mail='oscar@hotmail.es', name='Oscar', lastname='Vilamitjana', city='Barcelona', password='hello', image='null', life='null', level='null'}
2020-12-10 13:13:11 INFO  GameManagerImpl:98 - Nuevo usuario en el sistema: User{username='Miquel', mail='miquel@hotmail.es', name='Miquel', lastname='Arina', city='Barcelona', password='adios', image='null', life='null', level='null'}
2020-12-10 13:13:11 INFO  GameManagerImpl:116 - Usuario con la imagen añadida: User{username='Tatiana', mail='tatiana@hotmail.es', name='Tatiana', lastname='Tkachuk', city='Barcelona', password='hola', image='/resources/users/tatiana.jpg', life='null', level='null'}
2020-12-10 13:13:11 INFO  GameManagerImpl:116 - Usuario con la imagen añadida: User{username='Gabriel', mail='gabriel@hotmail.es', name='Gabriel', lastname='Donate', city='Barcelona', password='buenas', image='/resources/users/gabriel.png', life='null', level='null'}
2020-12-10 13:13:11 INFO  GameManagerImpl:116 - Usuario con la imagen añadida: User{username='Kevin', mail='kevin@hotmail.es', name='Kevin', lastname='Alcalde', city='Barcelona', password='bye', image='/resources/users/kevin.png', life='null', level='null'}
2020-12-10 13:13:11 INFO  GameManagerImpl:116 - Usuario con la imagen añadida: User{username='Oscar', mail='oscar@hotmail.es', name='Oscar', lastname='Vilamitjana', city='Barcelona', password='hello', image='/resources/users/oscar.jpg', life='null', level='null'}
2020-12-10 13:13:11 INFO  GameManagerImpl:116 - Usuario con la imagen añadida: User{username='Miquel', mail='miquel@hotmail.es', name='Miquel', lastname='Arina', city='Barcelona', password='adios', image='/resources/users/mikel.png', life='null', level='null'}
2020-12-10 13:13:25 INFO  GameManagerImpl:128 - Numero de usuarios en el sistema: 5
2020-12-10 13:37:04 INFO  GameManagerImpl:128 - Numero de usuarios en el sistema: 0
2020-12-10 13:37:04 INFO  GameManagerImpl:98 - Nuevo usuario en el sistema: User{username='Tatiana', mail='tatiana@hotmail.es', name='Tatiana', lastname='Tkachuk', city='Barcelona', password='hola', image='null', life='null', level='null'}
2020-12-10 13:37:04 INFO  GameManagerImpl:98 - Nuevo usuario en el sistema: User{username='Gabriel', mail='gabriel@hotmail.es', name='Gabriel', lastname='Donate', city='Barcelona', password='buenas', image='null', life='null', level='null'}
2020-12-10 13:37:04 INFO  GameManagerImpl:98 - Nuevo usuario en el sistema: User{username='Kevin', mail='kevin@hotmail.es', name='Kevin', lastname='Alcalde', city='Barcelona', password='bye', image='null', life='null', level='null'}
2020-12-10 13:37:04 INFO  GameManagerImpl:98 - Nuevo usuario en el sistema: User{username='Oscar', mail='oscar@hotmail.es', name='Oscar', lastname='Vilamitjana', city='Barcelona', password='hello', image='null', life='null', level='null'}
2020-12-10 13:37:04 INFO  GameManagerImpl:98 - Nuevo usuario en el sistema: User{username='Miquel', mail='miquel@hotmail.es', name='Miquel', lastname='Arina', city='Barcelona', password='adios', image='null', life='null', level='null'}
2020-12-10 13:37:04 INFO  GameManagerImpl:116 - Usuario con la imagen añadida: User{username='Tatiana', mail='tatiana@hotmail.es', name='Tatiana', lastname='Tkachuk', city='Barcelona', password='hola', image='/resources/users/tatiana.jpg', life='null', level='null'}
2020-12-10 13:37:04 INFO  GameManagerImpl:116 - Usuario con la imagen añadida: User{username='Gabriel', mail='gabriel@hotmail.es', name='Gabriel', lastname='Donate', city='Barcelona', password='buenas', image='/resources/users/gabriel.png', life='null', level='null'}
2020-12-10 13:37:04 INFO  GameManagerImpl:116 - Usuario con la imagen añadida: User{username='Kevin', mail='kevin@hotmail.es', name='Kevin', lastname='Alcalde', city='Barcelona', password='bye', image='/resources/users/kevin.png', life='null', level='null'}
2020-12-10 13:37:04 INFO  GameManagerImpl:116 - Usuario con la imagen añadida: User{username='Oscar', mail='oscar@hotmail.es', name='Oscar', lastname='Vilamitjana', city='Barcelona', password='hello', image='/resources/users/oscar.jpg', life='null', level='null'}
2020-12-10 13:37:04 INFO  GameManagerImpl:116 - Usuario con la imagen añadida: User{username='Miquel', mail='miquel@hotmail.es', name='Miquel', lastname='Arina', city='Barcelona', password='adios', image='/resources/users/mikel.png', life='null', level='null'}
2020-12-10 13:37:31 INFO  GameManagerImpl:128 - Numero de usuarios en el sistema: 5
2020-12-10 13:41:09 INFO  GameManagerImpl:128 - Numero de usuarios en el sistema: 0
2020-12-10 13:41:09 INFO  GameManagerImpl:98 - Nuevo usuario en el sistema: User{username='Tatiana', mail='tatiana@hotmail.es', name='Tatiana', lastname='Tkachuk', city='Barcelona', password='hola', image='null', life='null', level='null'}
2020-12-10 13:41:09 INFO  GameManagerImpl:98 - Nuevo usuario en el sistema: User{username='Gabriel', mail='gabriel@hotmail.es', name='Gabriel', lastname='Donate', city='Barcelona', password='buenas', image='null', life='null', level='null'}
2020-12-10 13:41:09 INFO  GameManagerImpl:98 - Nuevo usuario en el sistema: User{username='Kevin', mail='kevin@hotmail.es', name='Kevin', lastname='Alcalde', city='Barcelona', password='bye', image='null', life='null', level='null'}
2020-12-10 13:41:09 INFO  GameManagerImpl:98 - Nuevo usuario en el sistema: User{username='Oscar', mail='oscar@hotmail.es', name='Oscar', lastname='Vilamitjana', city='Barcelona', password='hello', image='null', life='null', level='null'}
2020-12-10 13:41:09 INFO  GameManagerImpl:98 - Nuevo usuario en el sistema: User{username='Miquel', mail='miquel@hotmail.es', name='Miquel', lastname='Arina', city='Barcelona', password='adios', image='null', life='null', level='null'}
2020-12-10 13:49:56 INFO  GameManagerImpl:128 - Numero de usuarios en el sistema: 0
2020-12-10 13:49:56 INFO  GameManagerImpl:98 - Nuevo usuario en el sistema: User{username='Tatiana', mail='tatiana@hotmail.es', name='Tatiana', lastname='Tkachuk', city='Barcelona', password='hola', image='null', life='null', level='null'}
2020-12-10 13:49:56 INFO  GameManagerImpl:98 - Nuevo usuario en el sistema: User{username='Gabriel', mail='gabriel@hotmail.es', name='Gabriel', lastname='Donate', city='Barcelona', password='buenas', image='null', life='null', level='null'}
2020-12-10 13:49:56 INFO  GameManagerImpl:98 - Nuevo usuario en el sistema: User{username='Kevin', mail='kevin@hotmail.es', name='Kevin', lastname='Alcalde', city='Barcelona', password='bye', image='null', life='null', level='null'}
2020-12-10 13:49:56 INFO  GameManagerImpl:98 - Nuevo usuario en el sistema: User{username='Oscar', mail='oscar@hotmail.es', name='Oscar', lastname='Vilamitjana', city='Barcelona', password='hello', image='null', life='null', level='null'}
2020-12-10 13:49:56 INFO  GameManagerImpl:98 - Nuevo usuario en el sistema: User{username='Miquel', mail='miquel@hotmail.es', name='Miquel', lastname='Arina', city='Barcelona', password='adios', image='null', life='null', level='null'}
2020-12-10 13:49:56 INFO  GameManagerImpl:116 - Usuario con la imagen añadida: User{username='Tatiana', mail='tatiana@hotmail.es', name='Tatiana', lastname='Tkachuk', city='Barcelona', password='hola', image='/resources/users/tatiana.jpg', life='null', level='null'}
2020-12-10 13:49:56 INFO  GameManagerImpl:116 - Usuario con la imagen añadida: User{username='Gabriel', mail='gabriel@hotmail.es', name='Gabriel', lastname='Donate', city='Barcelona', password='buenas', image='/resources/users/gabriel.png', life='null', level='null'}
2020-12-10 13:49:56 INFO  GameManagerImpl:116 - Usuario con la imagen añadida: User{username='Kevin', mail='kevin@hotmail.es', name='Kevin', lastname='Alcalde', city='Barcelona', password='bye', image='/resources/users/kevin.png', life='null', level='null'}
2020-12-10 13:49:56 INFO  GameManagerImpl:116 - Usuario con la imagen añadida: User{username='Oscar', mail='oscar@hotmail.es', name='Oscar', lastname='Vilamitjana', city='Barcelona', password='hello', image='/resources/users/oscar.jpg', life='null', level='null'}
2020-12-10 13:49:56 INFO  GameManagerImpl:116 - Usuario con la imagen añadida: User{username='Miquel', mail='miquel@hotmail.es', name='Miquel', lastname='Arina', city='Barcelona', password='adios', image='/resources/users/mikel.png', life='null', level='null'}
2020-12-10 13:50:07 INFO  GameManagerImpl:128 - Numero de usuarios en el sistema: 5
2020-12-10 13:57:59 INFO  GameManagerImpl:128 - Numero de usuarios en el sistema: 0
2020-12-10 13:57:59 INFO  GameManagerImpl:98 - Nuevo usuario en el sistema: User{username='Tatiana', mail='tatiana@hotmail.es', name='Tatiana', lastname='Tkachuk', city='Barcelona', password='hola', image='null', life='null', level='null'}
2020-12-10 13:57:59 INFO  GameManagerImpl:98 - Nuevo usuario en el sistema: User{username='Gabriel', mail='gabriel@hotmail.es', name='Gabriel', lastname='Donate', city='Barcelona', password='buenas', image='null', life='null', level='null'}
2020-12-10 13:57:59 INFO  GameManagerImpl:98 - Nuevo usuario en el sistema: User{username='Kevin', mail='kevin@hotmail.es', name='Kevin', lastname='Alcalde', city='Barcelona', password='bye', image='null', life='null', level='null'}
2020-12-10 13:57:59 INFO  GameManagerImpl:98 - Nuevo usuario en el sistema: User{username='Oscar', mail='oscar@hotmail.es', name='Oscar', lastname='Vilamitjana', city='Barcelona', password='hello', image='null', life='null', level='null'}
2020-12-10 13:57:59 INFO  GameManagerImpl:98 - Nuevo usuario en el sistema: User{username='Miquel', mail='miquel@hotmail.es', name='Miquel', lastname='Arina', city='Barcelona', password='adios', image='null', life='null', level='null'}
2020-12-10 14:00:34 INFO  GameManagerImpl:128 - Numero de usuarios en el sistema: 0
2020-12-10 14:00:34 INFO  GameManagerImpl:98 - Nuevo usuario en el sistema: User{username='Tatiana', mail='tatiana@hotmail.es', name='Tatiana', lastname='Tkachuk', city='Barcelona', password='hola', image='null', life='null', level='null'}
2020-12-10 14:00:34 INFO  GameManagerImpl:98 - Nuevo usuario en el sistema: User{username='Gabriel', mail='gabriel@hotmail.es', name='Gabriel', lastname='Donate', city='Barcelona', password='buenas', image='null', life='null', level='null'}
2020-12-10 14:00:34 INFO  GameManagerImpl:98 - Nuevo usuario en el sistema: User{username='Kevin', mail='kevin@hotmail.es', name='Kevin', lastname='Alcalde', city='Barcelona', password='bye', image='null', life='null', level='null'}
2020-12-10 14:00:34 INFO  GameManagerImpl:98 - Nuevo usuario en el sistema: User{username='Oscar', mail='oscar@hotmail.es', name='Oscar', lastname='Vilamitjana', city='Barcelona', password='hello', image='null', life='null', level='null'}
2020-12-10 14:00:34 INFO  GameManagerImpl:98 - Nuevo usuario en el sistema: User{username='Miquel', mail='miquel@hotmail.es', name='Miquel', lastname='Arina', city='Barcelona', password='adios', image='null', life='null', level='null'}
2020-12-10 14:00:34 INFO  GameManagerImpl:116 - Usuario con la imagen añadida: User{username='Tatiana', mail='tatiana@hotmail.es', name='Tatiana', lastname='Tkachuk', city='Barcelona', password='hola', image='/resources/users/tatiana.jpg', life='null', level='null'}
2020-12-10 14:00:34 INFO  GameManagerImpl:116 - Usuario con la imagen añadida: User{username='Gabriel', mail='gabriel@hotmail.es', name='Gabriel', lastname='Donate', city='Barcelona', password='buenas', image='/resources/users/gabriel.png', life='null', level='null'}
2020-12-10 14:00:34 INFO  GameManagerImpl:116 - Usuario con la imagen añadida: User{username='Kevin', mail='kevin@hotmail.es', name='Kevin', lastname='Alcalde', city='Barcelona', password='bye', image='/resources/users/kevin.png', life='null', level='null'}
2020-12-10 14:00:34 INFO  GameManagerImpl:116 - Usuario con la imagen añadida: User{username='Oscar', mail='oscar@hotmail.es', name='Oscar', lastname='Vilamitjana', city='Barcelona', password='hello', image='/resources/users/oscar.jpg', life='null', level='null'}
2020-12-10 14:00:34 INFO  GameManagerImpl:116 - Usuario con la imagen añadida: User{username='Miquel', mail='miquel@hotmail.es', name='Miquel', lastname='Arina', city='Barcelona', password='adios', image='/resources/users/mikel.png', life='null', level='null'}
2020-12-10 14:00:40 INFO  GameManagerImpl:128 - Numero de usuarios en el sistema: 5
2020-12-10 19:48:34 INFO  GameManagerImpl:128 - Numero de usuarios en el sistema: 0
2020-12-10 19:48:34 INFO  GameManagerImpl:98 - Nuevo usuario en el sistema: User{username='Tatiana', mail='tatiana@hotmail.es', name='Tatiana', lastname='Tkachuk', city='Barcelona', password='hola', image='null', life='null', level='null'}
2020-12-10 19:48:34 INFO  GameManagerImpl:98 - Nuevo usuario en el sistema: User{username='Gabriel', mail='gabriel@hotmail.es', name='Gabriel', lastname='Donate', city='Barcelona', password='buenas', image='null', life='null', level='null'}
2020-12-10 19:48:34 INFO  GameManagerImpl:98 - Nuevo usuario en el sistema: User{username='Kevin', mail='kevin@hotmail.es', name='Kevin', lastname='Alcalde', city='Barcelona', password='bye', image='null', life='null', level='null'}
2020-12-10 19:48:34 INFO  GameManagerImpl:98 - Nuevo usuario en el sistema: User{username='Oscar', mail='oscar@hotmail.es', name='Oscar', lastname='Vilamitjana', city='Barcelona', password='hello', image='null', life='null', level='null'}
2020-12-10 19:48:34 INFO  GameManagerImpl:98 - Nuevo usuario en el sistema: User{username='Miquel', mail='miquel@hotmail.es', name='Miquel', lastname='Arina', city='Barcelona', password='adios', image='null', life='null', level='null'}
2020-12-10 19:48:34 INFO  GameManagerImpl:116 - Usuario con la imagen añadida: User{username='Tatiana', mail='tatiana@hotmail.es', name='Tatiana', lastname='Tkachuk', city='Barcelona', password='hola', image='/resources/users/tatiana.jpg', life='null', level='null'}
2020-12-10 19:48:34 INFO  GameManagerImpl:116 - Usuario con la imagen añadida: User{username='Gabriel', mail='gabriel@hotmail.es', name='Gabriel', lastname='Donate', city='Barcelona', password='buenas', image='/resources/users/gabriel.png', life='null', level='null'}
2020-12-10 19:48:34 INFO  GameManagerImpl:116 - Usuario con la imagen añadida: User{username='Kevin', mail='kevin@hotmail.es', name='Kevin', lastname='Alcalde', city='Barcelona', password='bye', image='/resources/users/kevin.png', life='null', level='null'}
2020-12-10 19:48:34 INFO  GameManagerImpl:116 - Usuario con la imagen añadida: User{username='Oscar', mail='oscar@hotmail.es', name='Oscar', lastname='Vilamitjana', city='Barcelona', password='hello', image='/resources/users/oscar.jpg', life='null', level='null'}
2020-12-10 19:48:34 INFO  GameManagerImpl:116 - Usuario con la imagen añadida: User{username='Miquel', mail='miquel@hotmail.es', name='Miquel', lastname='Arina', city='Barcelona', password='adios', image='/resources/users/mikel.png', life='null', level='null'}
2020-12-10 19:49:03 INFO  GameManagerImpl:128 - Numero de usuarios en el sistema: 5
2020-12-10 19:49:34 INFO  GameManagerImpl:128 - Numero de usuarios en el sistema: 5
2020-12-10 19:49:34 INFO  GameManagerImpl:98 - Nuevo usuario en el sistema: User{username='ekcjhjekhk', mail='jkhjhjk', name='hjhjk', lastname='jhjhjk', city='jjhjjkhkj', password='hjhjkh', image='null', life='null', level='null'}
2020-12-10 19:49:58 INFO  GameManagerImpl:128 - Numero de usuarios en el sistema: 6
2020-12-10 19:50:00 INFO  GameManagerImpl:128 - Numero de usuarios en el sistema: 6
2020-12-10 19:50:19 INFO  GameManagerImpl:128 - Numero de usuarios en el sistema: 6
2020-12-10 19:50:44 INFO  GameManagerImpl:128 - Numero de usuarios en el sistema: 6
2020-12-10 19:50:48 INFO  GameManagerImpl:128 - Numero de usuarios en el sistema: 6
2020-12-10 19:51:04 INFO  GameManagerImpl:128 - Numero de usuarios en el sistema: 6
2020-12-10 19:51:35 INFO  GameManagerImpl:128 - Numero de usuarios en el sistema: 0
2020-12-10 19:51:35 INFO  GameManagerImpl:98 - Nuevo usuario en el sistema: User{username='Tatiana', mail='tatiana@hotmail.es', name='Tatiana', lastname='Tkachuk', city='Barcelona', password='hola', image='null', life='null', level='null'}
2020-12-10 19:51:35 INFO  GameManagerImpl:98 - Nuevo usuario en el sistema: User{username='Gabriel', mail='gabriel@hotmail.es', name='Gabriel', lastname='Donate', city='Barcelona', password='buenas', image='null', life='null', level='null'}
2020-12-10 19:51:35 INFO  GameManagerImpl:98 - Nuevo usuario en el sistema: User{username='Kevin', mail='kevin@hotmail.es', name='Kevin', lastname='Alcalde', city='Barcelona', password='bye', image='null', life='null', level='null'}
2020-12-10 19:51:35 INFO  GameManagerImpl:98 - Nuevo usuario en el sistema: User{username='Oscar', mail='oscar@hotmail.es', name='Oscar', lastname='Vilamitjana', city='Barcelona', password='hello', image='null', life='null', level='null'}
2020-12-10 19:51:35 INFO  GameManagerImpl:98 - Nuevo usuario en el sistema: User{username='Miquel', mail='miquel@hotmail.es', name='Miquel', lastname='Arina', city='Barcelona', password='adios', image='null', life='null', level='null'}
2020-12-10 19:51:35 INFO  GameManagerImpl:116 - Usuario con la imagen añadida: User{username='Tatiana', mail='tatiana@hotmail.es', name='Tatiana', lastname='Tkachuk', city='Barcelona', password='hola', image='/resources/users/tatiana.jpg', life='null', level='null'}
2020-12-10 19:51:35 INFO  GameManagerImpl:116 - Usuario con la imagen añadida: User{username='Gabriel', mail='gabriel@hotmail.es', name='Gabriel', lastname='Donate', city='Barcelona', password='buenas', image='/resources/users/gabriel.png', life='null', level='null'}
2020-12-10 19:51:35 INFO  GameManagerImpl:116 - Usuario con la imagen añadida: User{username='Kevin', mail='kevin@hotmail.es', name='Kevin', lastname='Alcalde', city='Barcelona', password='bye', image='/resources/users/kevin.png', life='null', level='null'}
2020-12-10 19:51:35 INFO  GameManagerImpl:116 - Usuario con la imagen añadida: User{username='Oscar', mail='oscar@hotmail.es', name='Oscar', lastname='Vilamitjana', city='Barcelona', password='hello', image='/resources/users/oscar.jpg', life='null', level='null'}
2020-12-10 19:51:35 INFO  GameManagerImpl:116 - Usuario con la imagen añadida: User{username='Miquel', mail='miquel@hotmail.es', name='Miquel', lastname='Arina', city='Barcelona', password='adios', image='/resources/users/mikel.png', life='null', level='null'}
2020-12-10 19:52:07 INFO  GameManagerImpl:128 - Numero de usuarios en el sistema: 5
2020-12-10 20:13:00 INFO  GameManagerImpl:128 - Numero de usuarios en el sistema: 0
2020-12-10 20:13:00 INFO  GameManagerImpl:98 - Nuevo usuario en el sistema: User{username='Tatiana', mail='tatiana@hotmail.es', name='Tatiana', lastname='Tkachuk', city='Barcelona', password='hola', image='null', life='null', level='null'}
2020-12-10 20:13:00 INFO  GameManagerImpl:98 - Nuevo usuario en el sistema: User{username='Gabriel', mail='gabriel@hotmail.es', name='Gabriel', lastname='Donate', city='Barcelona', password='buenas', image='null', life='null', level='null'}
2020-12-10 20:13:00 INFO  GameManagerImpl:98 - Nuevo usuario en el sistema: User{username='Kevin', mail='kevin@hotmail.es', name='Kevin', lastname='Alcalde', city='Barcelona', password='bye', image='null', life='null', level='null'}
2020-12-10 20:13:00 INFO  GameManagerImpl:98 - Nuevo usuario en el sistema: User{username='Oscar', mail='oscar@hotmail.es', name='Oscar', lastname='Vilamitjana', city='Barcelona', password='hello', image='null', life='null', level='null'}
2020-12-10 20:13:00 INFO  GameManagerImpl:98 - Nuevo usuario en el sistema: User{username='Miquel', mail='miquel@hotmail.es', name='Miquel', lastname='Arina', city='Barcelona', password='adios', image='null', life='null', level='null'}
2020-12-10 20:13:00 INFO  GameManagerImpl:116 - Usuario con la imagen añadida: User{username='Tatiana', mail='tatiana@hotmail.es', name='Tatiana', lastname='Tkachuk', city='Barcelona', password='hola', image='/resources/users/tatiana.jpg', life='null', level='null'}
2020-12-10 20:13:00 INFO  GameManagerImpl:116 - Usuario con la imagen añadida: User{username='Gabriel', mail='gabriel@hotmail.es', name='Gabriel', lastname='Donate', city='Barcelona', password='buenas', image='/resources/users/gabriel.png', life='null', level='null'}
2020-12-10 20:13:00 INFO  GameManagerImpl:116 - Usuario con la imagen añadida: User{username='Kevin', mail='kevin@hotmail.es', name='Kevin', lastname='Alcalde', city='Barcelona', password='bye', image='/resources/users/kevin.png', life='null', level='null'}
2020-12-10 20:13:00 INFO  GameManagerImpl:116 - Usuario con la imagen añadida: User{username='Oscar', mail='oscar@hotmail.es', name='Oscar', lastname='Vilamitjana', city='Barcelona', password='hello', image='/resources/users/oscar.jpg', life='null', level='null'}
2020-12-10 20:13:00 INFO  GameManagerImpl:116 - Usuario con la imagen añadida: User{username='Miquel', mail='miquel@hotmail.es', name='Miquel', lastname='Arina', city='Barcelona', password='adios', image='/resources/users/mikel.png', life='null', level='null'}
2020-12-10 20:13:24 INFO  GameManagerImpl:128 - Numero de usuarios en el sistema: 5
2020-12-10 20:15:27 INFO  GameManagerImpl:128 - Numero de usuarios en el sistema: 5
